  [mvn] Running com.mypackage.MyTest
   ...
  [mvn] Tests run: 12, Failures: 0, Errors: 0, Skipped: 0, Time elapsed: 104.648 sec
  [mvn] Running com.mypackage.MyNotExecutedTest
   ...
  [mvn] Tests run: 0, Failures: 0, Errors: 0, Skipped: 0, Time elapsed: 0.525 sec
  [mvn] Running com.mypackage.AnotherNotExecutedTest
   ...
  [mvn] Tests run: 0, Failures: 0, Errors: 0, Skipped: 0, Time elapsed: 0.569 sec
  [mvn] Running com.mypackage.FailedTest
   ...
  [mvn] Tests run: 5, Failures: 2, Errors: 0, Skipped: 0, Time elapsed: 22.357 sec
   ...

  com.mypackage.MyNotExecutedTest
  com.mypackage.AnotherNotExecutedTest

